# JRE version: Java(TM) SE Runtime Environment (8.0_121-b13) (build 1.8.0_121-b13)
# Java VM: Java HotSpot(TM) 64-Bit Server VM (25.121-b13 mixed mode linux-amd64 compressed oops)
Heap:
 PSYoungGen      total 239616K, used 60763K [0x00000000d6d80000, 0x00000000e9b00000, 0x0000000100000000)
  eden space 175616K, 34% used [0x00000000d6d80000,0x00000000da8d6f88,0x00000000e1900000)
  from space 64000K, 0% used [0x00000000e5c80000,0x00000000e5c80000,0x00000000e9b00000)
  to   space 66560K, 0% used [0x00000000e1900000,0x00000000e1900000,0x00000000e5a00000)
 ParOldGen       total 278016K, used 6579K [0x0000000084800000, 0x0000000095780000, 0x00000000d6d80000)
  object space 278016K, 2% used [0x0000000084800000,0x0000000084e6cf18,0x0000000095780000)
 Metaspace       used 18573K, capacity 19520K, committed 19712K, reserved 1067008K
  class space    used 2495K, capacity 2716K, committed 2816K, reserved 1048576K
GC Heap History (10 events):
Event: 2,867 GC heap before
{Heap before GC invocations=14 (full 4):
 PSYoungGen      total 245760K, used 256K [0x00000000d6d80000, 0x00000000ea600000, 0x0000000100000000)
  eden space 175616K, 0% used [0x00000000d6d80000,0x00000000d6d80000,0x00000000e1900000)
  from space 70144K, 0% used [0x00000000e6180000,0x00000000e61c0000,0x00000000ea600000)
  to   space 72192K, 0% used [0x00000000e1900000,0x00000000e1900000,0x00000000e5f80000)
 ParOldGen       total 278016K, used 5191K [0x0000000084800000, 0x0000000095780000, 0x00000000d6d80000)
  object space 278016K, 1% used [0x0000000084800000,0x0000000084d11c90,0x0000000095780000)
 Metaspace       used 14985K, capacity 15768K, committed 16000K, reserved 1062912K
  class space    used 2184K, capacity 2384K, committed 2432K, reserved 1048576K
Event: 2,924 GC heap after
Heap after GC invocations=14 (full 4):
 PSYoungGen      total 245760K, used 0K [0x00000000d6d80000, 0x00000000ea600000, 0x0000000100000000)
  eden space 175616K, 0% used [0x00000000d6d80000,0x00000000d6d80000,0x00000000e1900000)
  from space 70144K, 0% used [0x00000000e6180000,0x00000000e6180000,0x00000000ea600000)
  to   space 72192K, 0% used [0x00000000e1900000,0x00000000e1900000,0x00000000e5f80000)
 ParOldGen       total 278016K, used 5072K [0x0000000084800000, 0x0000000095780000, 0x00000000d6d80000)
  object space 278016K, 1% used [0x0000000084800000,0x0000000084cf40a0,0x0000000095780000)
 Metaspace       used 14985K, capacity 15768K, committed 16000K, reserved 1062912K
  class space    used 2184K, capacity 2384K, committed 2432K, reserved 1048576K
}
Event: 3,138 GC heap before
{Heap before GC invocations=15 (full 4):
 PSYoungGen      total 245760K, used 9509K [0x00000000d6d80000, 0x00000000ea600000, 0x0000000100000000)
  eden space 175616K, 5% used [0x00000000d6d80000,0x00000000d76c9510,0x00000000e1900000)
  from space 70144K, 0% used [0x00000000e6180000,0x00000000e6180000,0x00000000ea600000)
  to   space 72192K, 0% used [0x00000000e1900000,0x00000000e1900000,0x00000000e5f80000)
 ParOldGen       total 278016K, used 5072K [0x0000000084800000, 0x0000000095780000, 0x00000000d6d80000)
  object space 278016K, 1% used [0x0000000084800000,0x0000000084cf40a0,0x0000000095780000)
 Metaspace       used 15772K, capacity 16548K, committed 16640K, reserved 1062912K
  class space    used 2292K, capacity 2498K, committed 2560K, reserved 1048576K
Event: 3,141 GC heap after
Heap after GC invocations=15 (full 4):
 PSYoungGen      total 177664K, used 1665K [0x00000000d6d80000, 0x00000000ea000000, 0x0000000100000000)
  eden space 175616K, 0% used [0x00000000d6d80000,0x00000000d6d80000,0x00000000e1900000)
  from space 2048K, 81% used [0x00000000e1900000,0x00000000e1aa0420,0x00000000e1b00000)
  to   space 69120K, 0% used [0x00000000e5c80000,0x00000000e5c80000,0x00000000ea000000)
 ParOldGen       total 278016K, used 5080K [0x0000000084800000, 0x0000000095780000, 0x00000000d6d80000)
  object space 278016K, 1% used [0x0000000084800000,0x0000000084cf60a0,0x0000000095780000)
 Metaspace       used 15772K, capacity 16548K, committed 16640K, reserved 1062912K
  class space    used 2292K, capacity 2498K, committed 2560K, reserved 1048576K
}
Event: 3,141 GC heap before
{Heap before GC invocations=16 (full 5):
 PSYoungGen      total 177664K, used 1665K [0x00000000d6d80000, 0x00000000ea000000, 0x0000000100000000)
  eden space 175616K, 0% used [0x00000000d6d80000,0x00000000d6d80000,0x00000000e1900000)
  from space 2048K, 81% used [0x00000000e1900000,0x00000000e1aa0420,0x00000000e1b00000)
  to   space 69120K, 0% used [0x00000000e5c80000,0x00000000e5c80000,0x00000000ea000000)
 ParOldGen       total 278016K, used 5080K [0x0000000084800000, 0x0000000095780000, 0x00000000d6d80000)
  object space 278016K, 1% used [0x0000000084800000,0x0000000084cf60a0,0x0000000095780000)
 Metaspace       used 15772K, capacity 16548K, committed 16640K, reserved 1062912K
  class space    used 2292K, capacity 2498K, committed 2560K, reserved 1048576K
Event: 3,194 GC heap after
Heap after GC invocations=16 (full 5):
 PSYoungGen      total 177664K, used 0K [0x00000000d6d80000, 0x00000000ea000000, 0x0000000100000000)
  eden space 175616K, 0% used [0x00000000d6d80000,0x00000000d6d80000,0x00000000e1900000)
  from space 2048K, 0% used [0x00000000e1900000,0x00000000e1900000,0x00000000e1b00000)
  to   space 69120K, 0% used [0x00000000e5c80000,0x00000000e5c80000,0x00000000ea000000)
 ParOldGen       total 278016K, used 6475K [0x0000000084800000, 0x0000000095780000, 0x00000000d6d80000)
  object space 278016K, 2% used [0x0000000084800000,0x0000000084e52ea0,0x0000000095780000)
 Metaspace       used 15772K, capacity 16548K, committed 16640K, reserved 1062912K
  class space    used 2292K, capacity 2498K, committed 2560K, reserved 1048576K
}
Event: 3,216 GC heap before
{Heap before GC invocations=17 (full 5):
 PSYoungGen      total 177664K, used 7250K [0x00000000d6d80000, 0x00000000ea000000, 0x0000000100000000)
  eden space 175616K, 4% used [0x00000000d6d80000,0x00000000d7494bd8,0x00000000e1900000)
  from space 2048K, 0% used [0x00000000e1900000,0x00000000e1900000,0x00000000e1b00000)
  to   space 69120K, 0% used [0x00000000e5c80000,0x00000000e5c80000,0x00000000ea000000)
 ParOldGen       total 278016K, used 6475K [0x0000000084800000, 0x0000000095780000, 0x00000000d6d80000)
  object space 278016K, 2% used [0x0000000084800000,0x0000000084e52ea0,0x0000000095780000)
 Metaspace       used 15784K, capacity 16548K, committed 16640K, reserved 1062912K
  class space    used 2293K, capacity 2498K, committed 2560K, reserved 1048576K
Event: 3,218 GC heap after
Heap after GC invocations=17 (full 5):
 PSYoungGen      total 239616K, used 448K [0x00000000d6d80000, 0x00000000e9b00000, 0x0000000100000000)
  eden space 175616K, 0% used [0x00000000d6d80000,0x00000000d6d80000,0x00000000e1900000)
  from space 64000K, 0% used [0x00000000e5c80000,0x00000000e5cf0010,0x00000000e9b00000)
  to   space 66560K, 0% used [0x00000000e1900000,0x00000000e1900000,0x00000000e5a00000)
 ParOldGen       total 278016K, used 6483K [0x0000000084800000, 0x0000000095780000, 0x00000000d6d80000)
  object space 278016K, 2% used [0x0000000084800000,0x0000000084e54ea0,0x0000000095780000)
 Metaspace       used 15784K, capacity 16548K, committed 16640K, reserved 1062912K
  class space    used 2293K, capacity 2498K, committed 2560K, reserved 1048576K
}
Event: 3,218 GC heap before
{Heap before GC invocations=18 (full 6):
 PSYoungGen      total 239616K, used 448K [0x00000000d6d80000, 0x00000000e9b00000, 0x0000000100000000)
  eden space 175616K, 0% used [0x00000000d6d80000,0x00000000d6d80000,0x00000000e1900000)
  from space 64000K, 0% used [0x00000000e5c80000,0x00000000e5cf0010,0x00000000e9b00000)
  to   space 66560K, 0% used [0x00000000e1900000,0x00000000e1900000,0x00000000e5a00000)
 ParOldGen       total 278016K, used 6483K [0x0000000084800000, 0x0000000095780000, 0x00000000d6d80000)
  object space 278016K, 2% used [0x0000000084800000,0x0000000084e54ea0,0x0000000095780000)
 Metaspace       used 15784K, capacity 16548K, committed 16640K, reserved 1062912K
  class space    used 2293K, capacity 2498K, committed 2560K, reserved 1048576K
Event: 3,248 GC heap after
Heap after GC invocations=18 (full 6):
 PSYoungGen      total 239616K, used 0K [0x00000000d6d80000, 0x00000000e9b00000, 0x0000000100000000)
  eden space 175616K, 0% used [0x00000000d6d80000,0x00000000d6d80000,0x00000000e1900000)
  from space 64000K, 0% used [0x00000000e5c80000,0x00000000e5c80000,0x00000000e9b00000)
  to   space 66560K, 0% used [0x00000000e1900000,0x00000000e1900000,0x00000000e5a00000)
 ParOldGen       total 278016K, used 6579K [0x0000000084800000, 0x0000000095780000, 0x00000000d6d80000)
  object space 278016K, 2% used [0x0000000084800000,0x0000000084e6cf18,0x0000000095780000)
 Metaspace       used 15784K, capacity 16548K, committed 16640K, reserved 1062912K
  class space    used 2293K, capacity 2498K, committed 2560K, reserved 1048576K
}

